This is pdfTeX, Version 3.141592653-2.6-1.40.22 (MiKTeX 21.6) (preloaded format=pdflatex 2022.10.25)  30 OCT 2024 21:15
entering extended mode
**/Users/franciscomartinez/Documents/LOCal/paper/local.tex
(/Users/franciscomartinez/Documents/LOCal/paper/local.tex
LaTeX2e <2022-06-01> patch level 5
L3 programming layer <2022-09-28> (/Library/Application Support/MiKTeX/texmfs/install/tex/latex/base/article.cls
Document Class: article 2021/10/04 v1.4n Standard LaTeX document class
(/Library/Application Support/MiKTeX/texmfs/install/tex/latex/base/size11.clo
File: size11.clo 2021/10/04 v1.4n Standard LaTeX file (size option)
)
\c@part=\count185
\c@section=\count186
\c@subsection=\count187
\c@subsubsection=\count188
\c@paragraph=\count189
\c@subparagraph=\count190
\c@figure=\count191
\c@table=\count192
\abovecaptionskip=\skip47
\belowcaptionskip=\skip48
\bibindent=\dimen138
) (jheppub.sty
Package: jheppub 2018/12/04 v.1.1227
 (/Library/Application Support/MiKTeX/texmfs/install/tex/latex/amsmath/amsmath.sty
Package: amsmath 2022/04/08 v2.17n AMS math features
\@mathmargin=\skip49

For additional information on amsmath, use the `?' option.
(/Library/Application Support/MiKTeX/texmfs/install/tex/latex/amsmath/amstext.sty
Package: amstext 2021/08/26 v2.01 AMS text
 (/Library/Application Support/MiKTeX/texmfs/install/tex/latex/amsmath/amsgen.sty
File: amsgen.sty 1999/11/30 v2.0 generic functions
\@emptytoks=\toks16
\ex@=\dimen139
)) (/Library/Application Support/MiKTeX/texmfs/install/tex/latex/amsmath/amsbsy.sty
Package: amsbsy 1999/11/29 v1.2d Bold Symbols
\pmbraise@=\dimen140
) (/Library/Application Support/MiKTeX/texmfs/install/tex/latex/amsmath/amsopn.sty
Package: amsopn 2022/04/08 v2.04 operator names
)
\inf@bad=\count193
LaTeX Info: Redefining \frac on input line 234.
\uproot@=\count194
\leftroot@=\count195
LaTeX Info: Redefining \overline on input line 399.
LaTeX Info: Redefining \colon on input line 410.
\classnum@=\count196
\DOTSCASE@=\count197
LaTeX Info: Redefining \ldots on input line 496.
LaTeX Info: Redefining \dots on input line 499.
LaTeX Info: Redefining \cdots on input line 620.
\Mathstrutbox@=\box51
\strutbox@=\box52
LaTeX Info: Redefining \big on input line 722.
LaTeX Info: Redefining \Big on input line 723.
LaTeX Info: Redefining \bigg on input line 724.
LaTeX Info: Redefining \Bigg on input line 725.
\big@size=\dimen141
LaTeX Font Info:    Redeclaring font encoding OML on input line 743.
LaTeX Font Info:    Redeclaring font encoding OMS on input line 744.
\macc@depth=\count198
LaTeX Info: Redefining \bmod on input line 905.
LaTeX Info: Redefining \pmod on input line 910.
LaTeX Info: Redefining \smash on input line 940.
LaTeX Info: Redefining \relbar on input line 970.
LaTeX Info: Redefining \Relbar on input line 971.
\c@MaxMatrixCols=\count199
\dotsspace@=\muskip16
\c@parentequation=\count266
\dspbrk@lvl=\count267
\tag@help=\toks17
\row@=\count268
\column@=\count269
\maxfields@=\count270
\andhelp@=\toks18
\eqnshift@=\dimen142
\alignsep@=\dimen143
\tagshift@=\dimen144
\tagwidth@=\dimen145
\totwidth@=\dimen146
\lineht@=\dimen147
\@envbody=\toks19
\multlinegap=\skip50
\multlinetaggap=\skip51
\mathdisplay@stack=\toks20
LaTeX Info: Redefining \[ on input line 2953.
LaTeX Info: Redefining \] on input line 2954.
) (/Library/Application Support/MiKTeX/texmfs/install/tex/latex/amsfonts/amssymb.sty
Package: amssymb 2013/01/14 v3.01 AMS font symbols
 (/Library/Application Support/MiKTeX/texmfs/install/tex/latex/amsfonts/amsfonts.sty
Package: amsfonts 2013/01/14 v3.01 Basic AMSFonts support
\symAMSa=\mathgroup4
\symAMSb=\mathgroup5
LaTeX Font Info:    Redeclaring math symbol \hbar on input line 98.
LaTeX Font Info:    Overwriting math alphabet `\mathfrak' in version `bold'
(Font)                  U/euf/m/n --> U/euf/b/n on input line 106.
)) (/Library/Application Support/MiKTeX/texmfs/install/tex/latex/graphics/epsfig.sty
Package: epsfig 2017/06/25 v1.7b (e)psfig emulation (SPQR)
 (/Library/Application Support/MiKTeX/texmfs/install/tex/latex/graphics/graphicx.sty
Package: graphicx 2021/09/16 v1.2d Enhanced LaTeX Graphics (DPC,SPQR)
 (/Library/Application Support/MiKTeX/texmfs/install/tex/latex/graphics/keyval.sty
Package: keyval 2022/05/29 v1.15 key=value parser (DPC)
\KV@toks@=\toks21
) (/Library/Application Support/MiKTeX/texmfs/install/tex/latex/graphics/graphics.sty
Package: graphics 2022/03/10 v1.4e Standard LaTeX Graphics (DPC,SPQR)
 (/Library/Application Support/MiKTeX/texmfs/install/tex/latex/graphics/trig.sty
Package: trig 2021/08/11 v1.11 sin cos tan (DPC)
) (/Library/Application Support/MiKTeX/texmfs/install/tex/latex/graphics-cfg/graphics.cfg
File: graphics.cfg 2016/06/04 v1.11 sample graphics configuration
)
Package graphics Info: Driver file: pdftex.def on input line 107.
 (/Library/Application Support/MiKTeX/texmfs/install/tex/latex/graphics-def/pdftex.def
File: pdftex.def 2022/09/22 v1.2b Graphics/color driver for pdftex
\stockwidth=\dimen148
\stockheight=\dimen149
))
\Gin@req@height=\dimen150
\Gin@req@width=\dimen151
)
\epsfxsize=\dimen152
\epsfysize=\dimen153
) (/Users/franciscomartinez/Library/Application Support/MiKTeX/texmfs/install/tex/latex/natbib/natbib.sty
Package: natbib 2010/09/13 8.31b (PWD, AO)
\bibhang=\skip52
\bibsep=\skip53
LaTeX Info: Redefining \cite on input line 694.
\c@NAT@ctr=\count271
) (/Library/Application Support/MiKTeX/texmfs/install/tex/latex/hyperref/hyperref.sty
Package: hyperref 2022-09-22 v7.00t Hypertext links for LaTeX
 (/Users/franciscomartinez/Library/Application Support/MiKTeX/texmfs/install/tex/generic/ltxcmds/ltxcmds.sty
Package: ltxcmds 2020-05-10 v1.25 LaTeX kernel commands for general use (HO)
) (/Library/Application Support/MiKTeX/texmfs/install/tex/generic/iftex/iftex.sty
Package: iftex 2022/02/03 v1.0f TeX engine tests
) (/Library/Application Support/MiKTeX/texmfs/install/tex/generic/pdftexcmds/pdftexcmds.sty
Package: pdftexcmds 2020-06-27 v0.33 Utility functions of pdfTeX for LuaTeX (HO)
 (/Users/franciscomartinez/Library/Application Support/MiKTeX/texmfs/install/tex/generic/infwarerr/infwarerr.sty
Package: infwarerr 2019/12/03 v1.5 Providing info/warning/error messages (HO)
)
Package pdftexcmds Info: \pdf@primitive is available.
Package pdftexcmds Info: \pdf@ifprimitive is available.
Package pdftexcmds Info: \pdfdraftmode found.
) (/Users/franciscomartinez/Library/Application Support/MiKTeX/texmfs/install/tex/generic/kvsetkeys/kvsetkeys.sty
Package: kvsetkeys 2019/12/15 v1.18 Key value parser (HO)
) (/Users/franciscomartinez/Library/Application Support/MiKTeX/texmfs/install/tex/generic/kvdefinekeys/kvdefinekeys.sty
Package: kvdefinekeys 2019-12-19 v1.6 Define keys (HO)
) (/Users/franciscomartinez/Library/Application Support/MiKTeX/texmfs/install/tex/generic/pdfescape/pdfescape.sty
Package: pdfescape 2019/12/09 v1.15 Implements pdfTeX's escape features (HO)
) (/Users/franciscomartinez/Library/Application Support/MiKTeX/texmfs/install/tex/latex/hycolor/hycolor.sty
Package: hycolor 2020-01-27 v1.10 Color options for hyperref/bookmark (HO)
) (/Users/franciscomartinez/Library/Application Support/MiKTeX/texmfs/install/tex/latex/letltxmacro/letltxmacro.sty
Package: letltxmacro 2019/12/03 v1.6 Let assignment for LaTeX macros (HO)
) (/Users/franciscomartinez/Library/Application Support/MiKTeX/texmfs/install/tex/latex/auxhook/auxhook.sty
Package: auxhook 2019-12-17 v1.6 Hooks for auxiliary files (HO)
) (/Library/Application Support/MiKTeX/texmfs/install/tex/latex/hyperref/nameref.sty
Package: nameref 2022-05-17 v2.50 Cross-referencing by name of section
 (/Users/franciscomartinez/Library/Application Support/MiKTeX/texmfs/install/tex/latex/refcount/refcount.sty
Package: refcount 2019/12/15 v3.6 Data extraction from label references (HO)
) (/Users/franciscomartinez/Library/Application Support/MiKTeX/texmfs/install/tex/generic/gettitlestring/gettitlestring.sty
Package: gettitlestring 2019/12/15 v1.6 Cleanup title references (HO)
 (/Users/franciscomartinez/Library/Application Support/MiKTeX/texmfs/install/tex/latex/kvoptions/kvoptions.sty
Package: kvoptions 2020-10-07 v3.14 Key value format for package options (HO)
))
\c@section@level=\count272
)
\@linkdim=\dimen154
\Hy@linkcounter=\count273
\Hy@pagecounter=\count274
 (/Library/Application Support/MiKTeX/texmfs/install/tex/latex/hyperref/pd1enc.def
File: pd1enc.def 2022-09-22 v7.00t Hyperref: PDFDocEncoding definition (HO)
Now handling font encoding PD1 ...
... no UTF-8 mapping file for font encoding PD1
) (/Users/franciscomartinez/Library/Application Support/MiKTeX/texmfs/install/tex/generic/intcalc/intcalc.sty
Package: intcalc 2019/12/15 v1.3 Expandable calculations with integers (HO)
) (/Users/franciscomartinez/Library/Application Support/MiKTeX/texmfs/install/tex/generic/etexcmds/etexcmds.sty
Package: etexcmds 2019/12/15 v1.7 Avoid name clashes with e-TeX commands (HO)
)
\Hy@SavedSpaceFactor=\count275
 (/Library/Application Support/MiKTeX/texmfs/install/tex/latex/hyperref/puenc.def
File: puenc.def 2022-09-22 v7.00t Hyperref: PDF Unicode definition (HO)
Now handling font encoding PU ...
... no UTF-8 mapping file for font encoding PU
)
Package hyperref Info: Option `colorlinks' set `true' on input line 4045.


Package hyperref Warning: Option `pagecolor' is not available anymore.

Package hyperref Info: Option `linktocpage' set `true' on input line 4045.
Package hyperref Info: Option `pdfa' set `true' on input line 4045.
Package hyperref Info: Hyper figures OFF on input line 4162.
Package hyperref Info: Link nesting OFF on input line 4167.
Package hyperref Info: Hyper index ON on input line 4170.
Package hyperref Info: Plain pages OFF on input line 4177.
Package hyperref Info: Backreferencing OFF on input line 4182.
Package hyperref Info: Implicit mode ON; LaTeX internals redefined.
Package hyperref Info: Bookmarks ON on input line 4410.
\c@Hy@tempcnt=\count276
(/Library/Application Support/MiKTeX/texmfs/install/tex/latex/url/url.sty
\Urlmuskip=\muskip17
Package: url 2013/09/16  ver 3.4  Verb mode for urls, etc.
)
LaTeX Info: Redefining \url on input line 4748.
\XeTeXLinkMargin=\dimen155
 (/Users/franciscomartinez/Library/Application Support/MiKTeX/texmfs/install/tex/generic/bitset/bitset.sty
Package: bitset 2019/12/09 v1.3 Handle bit-vector datatype (HO)
 (/Users/franciscomartinez/Library/Application Support/MiKTeX/texmfs/install/tex/generic/bigintcalc/bigintcalc.sty
Package: bigintcalc 2019/12/15 v1.5 Expandable calculations on big integers (HO)
))
\Fld@menulength=\count277
\Field@Width=\dimen156
\Fld@charsize=\dimen157
Package hyperref Info: Hyper figures OFF on input line 6027.
Package hyperref Info: Link nesting OFF on input line 6032.
Package hyperref Info: Hyper index ON on input line 6035.
Package hyperref Info: backreferencing OFF on input line 6042.
Package hyperref Info: Link coloring ON on input line 6045.
Package hyperref Info: Link coloring with OCG OFF on input line 6052.
Package hyperref Info: PDF/A mode ON on input line 6055.
 (/Library/Application Support/MiKTeX/texmfs/install/tex/latex/base/atbegshi-ltx.sty
Package: atbegshi-ltx 2021/01/10 v1.0c Emulation of the original atbegshi
package with kernel methods
)
\Hy@abspage=\count278
\c@Item=\count279
\c@Hfootnote=\count280
)
Package hyperref Info: Driver (autodetected): hpdftex.
 (/Library/Application Support/MiKTeX/texmfs/install/tex/latex/hyperref/hpdftex.def
File: hpdftex.def 2022-09-22 v7.00t Hyperref driver for pdfTeX
 (/Library/Application Support/MiKTeX/texmfs/install/tex/latex/base/atveryend-ltx.sty
Package: atveryend-ltx 2020/08/19 v1.0a Emulation of the original atveryend package
with kernel methods
)
\Fld@listcount=\count281
\c@bookmark@seq@number=\count282
 (/Users/franciscomartinez/Library/Application Support/MiKTeX/texmfs/install/tex/latex/rerunfilecheck/rerunfilecheck.sty
Package: rerunfilecheck 2019/12/05 v1.9 Rerun checks for auxiliary files (HO)
 (/Users/franciscomartinez/Library/Application Support/MiKTeX/texmfs/install/tex/generic/uniquecounter/uniquecounter.sty
Package: uniquecounter 2019/12/15 v1.4 Provide unlimited unique counter (HO)
)
Package uniquecounter Info: New unique counter `rerunfilecheck' on input line 286.
)
\Hy@SectionHShift=\skip54
)
\auth@toks=\toks22
\affil@toks=\toks23
\email@toks=\toks24
\c@email@counter=\count283
\affiliationsSep=\skip55
LaTeX Font Info:    Trying to load font information for OT1+phv on input line 161.
 (/Users/franciscomartinez/Library/Application Support/MiKTeX/texmfs/install/tex/latex/psnfss/ot1phv.fd
File: ot1phv.fd 2020/03/25 scalable font definitions for OT1/phv.
)) (/Library/Application Support/MiKTeX/texmfs/install/tex/latex/tools/enumerate.sty
Package: enumerate 2015/07/23 v3.00 enumerate extensions (DPC)
\@enLab=\toks25
) (/Library/Application Support/MiKTeX/texmfs/install/tex/latex/listings/listings.sty
\lst@mode=\count284
\lst@gtempboxa=\box53
\lst@token=\toks26
\lst@length=\count285
\lst@currlwidth=\dimen158
\lst@column=\count286
\lst@pos=\count287
\lst@lostspace=\dimen159
\lst@width=\dimen160
\lst@newlines=\count288
\lst@lineno=\count289
\lst@maxwidth=\dimen161
 (/Library/Application Support/MiKTeX/texmfs/install/tex/latex/listings/lstmisc.sty
File: lstmisc.sty 2020/03/24 1.8d (Carsten Heinz)
\c@lstnumber=\count290
\lst@skipnumbers=\count291
\lst@framebox=\box54
) (/Library/Application Support/MiKTeX/texmfs/install/tex/latex/listings/listings.cfg
File: listings.cfg 2020/03/24 1.8d listings configuration
))
Package: listings 2020/03/24 1.8d (Carsten Heinz)
 (/Library/Application Support/MiKTeX/texmfs/install/tex/latex/xcolor/xcolor.sty
Package: xcolor 2022/06/12 v2.14 LaTeX color extensions (UK)
 (/Library/Application Support/MiKTeX/texmfs/install/tex/latex/graphics-cfg/color.cfg
File: color.cfg 2016/01/02 v1.6 sample color configuration
)
Package xcolor Info: Driver file: pdftex.def on input line 227.
 (/Library/Application Support/MiKTeX/texmfs/install/tex/latex/graphics/mathcolor.ltx)
Package xcolor Info: Model `cmy' substituted by `cmy0' on input line 1353.
Package xcolor Info: Model `hsb' substituted by `rgb' on input line 1357.
Package xcolor Info: Model `RGB' extended on input line 1369.
Package xcolor Info: Model `HTML' substituted by `rgb' on input line 1371.
Package xcolor Info: Model `Hsb' substituted by `hsb' on input line 1372.
Package xcolor Info: Model `tHsb' substituted by `hsb' on input line 1373.
Package xcolor Info: Model `HSB' substituted by `hsb' on input line 1374.
Package xcolor Info: Model `Gray' substituted by `gray' on input line 1375.
Package xcolor Info: Model `wave' substituted by `hsb' on input line 1376.
) (/Users/franciscomartinez/Library/Application Support/MiKTeX/texmfs/install/tex/latex/comment/comment.sty
\CommentStream=\write3
 Excluding comment 'comment') (/Users/franciscomartinez/Library/Application Support/MiKTeX/texmfs/install/tex/latex/placeins/placeins.sty
Package: placeins 2005/04/18  v 2.2
) (/Users/franciscomartinez/Library/Application Support/MiKTeX/texmfs/install/tex/latex/physics/physics.sty
Package: physics 
 (/Library/Application Support/MiKTeX/texmfs/install/tex/latex/l3packages/xparse/xparse.sty (/Library/Application Support/MiKTeX/texmfs/install/tex/latex/l3kernel/expl3.sty
Package: expl3 2022-09-28 L3 programming layer (loader) 
 (/Library/Application Support/MiKTeX/texmfs/install/tex/latex/l3backend/l3backend-pdftex.def
File: l3backend-pdftex.def 2022-09-28 L3 backend support: PDF output (pdfTeX)
\l__color_backend_stack_int=\count292
\l__pdf_internal_box=\box55
))
Package: xparse 2022-06-22 L3 Experimental document command parser
)) (/Users/franciscomartinez/Library/Application Support/MiKTeX/texmfs/install/tex/latex/amscls/amsthm.sty
Package: amsthm 2020/05/29 v2.20.6
\thm@style=\toks27
\thm@bodyfont=\toks28
\thm@headfont=\toks29
\thm@notefont=\toks30
\thm@headpunct=\toks31
\thm@preskip=\skip56
\thm@postskip=\skip57
\thm@headsep=\skip58
\dth@everypar=\toks32
) (/Users/franciscomartinez/Library/Application Support/MiKTeX/texmfs/install/tex/latex/hyphenat/hyphenat.sty
Package: hyphenat 2009/09/02 v2.3c hyphenation utilities


Package hyphenat Warning: *******************************
(hyphenat)                * You have used the htt option.
(hyphenat)                * You are likely to get many Font Warning messages.
(hyphenat)                * These can usually be ignored.
(hyphenat)                *******************************.

\langwohyphens=\language1
LaTeX Info: Redefining \_ on input line 43.
) (/Users/franciscomartinez/Library/Application Support/MiKTeX/texmfs/install/tex/latex/mhchem/mhchem.sty
Package: mhchem 2021/12/31 v4.09 for typesetting chemical formulae
 (/Library/Application Support/MiKTeX/texmfs/install/tex/latex/l3packages/l3keys2e/l3keys2e.sty
Package: l3keys2e 2022-06-22 LaTeX2e option processing using LaTeX3 keys
) (/Library/Application Support/MiKTeX/texmfs/install/tex/latex/tools/calc.sty
Package: calc 2017/05/25 v4.3 Infix arithmetic (KKT,FJ)
\calc@Acount=\count293
\calc@Bcount=\count294
\calc@Adimen=\dimen162
\calc@Bdimen=\dimen163
\calc@Askip=\skip59
\calc@Bskip=\skip60
LaTeX Info: Redefining \setlength on input line 80.
LaTeX Info: Redefining \addtolength on input line 81.
\calc@Ccount=\count295
\calc@Cskip=\skip61
) (/Users/franciscomartinez/Library/Application Support/MiKTeX/texmfs/install/tex/latex/chemgreek/chemgreek.sty
Package: chemgreek 2020/01/16 v1.1a interface for upright Greek letters for use in chemistry (CN)
\l__chemgreek_tmpa_int=\count296
\g__chemgreek_tmpa_int=\count297
)
\l__mhchem_ce_distanceFromLastComma_int=\count298
\__mhchem_arrow_extPgfLength_skip=\skip62
\mhchem@minispace@tmp=\skip63
\mhchem@minibackspace@tmp=\skip64
\mhchem@bondwidth=\skip65
\mhchem@bondheight=\skip66
\mhchem@smallbondwidth@tmpA=\skip67
\mhchem@smallbondwidth@tmpB=\skip68
\mhchem@smallbondwidth=\skip69
\mhchem@bondtmp@minussidebearingleft=\skip70
\mhchem@bondtmp@minussidebearingright=\skip71
\l__mhchem_option_version_int=\count299
\mhchem@option@minusmathsidebearingleft=\dimen164
\mhchem@option@minusmathsidebearingright=\dimen165
\mhchem@option@minustextsidebearingleft=\dimen166
\mhchem@option@minustextsidebearingright=\dimen167
) (/Users/franciscomartinez/Library/Application Support/MiKTeX/texmfs/install/tex/latex/caption/subcaption.sty
Package: subcaption 2020/10/07 v1.3j Sub-captions (AR)
 (/Users/franciscomartinez/Library/Application Support/MiKTeX/texmfs/install/tex/latex/caption/caption.sty
Package: caption 2020/10/26 v3.5g Customizing captions (AR)
 (/Users/franciscomartinez/Library/Application Support/MiKTeX/texmfs/install/tex/latex/caption/caption3.sty
Package: caption3 2020/10/21 v2.2e caption3 kernel (AR)
\captionmargin=\dimen168
\captionmargin@=\dimen169
\captionwidth=\dimen170
\caption@tempdima=\dimen171
\caption@indent=\dimen172
\caption@parindent=\dimen173
\caption@hangindent=\dimen174
Package caption Info: Unknown document class (or package),
(caption)             standard defaults will be used.
Package caption Info: \@makecaption = \long macro:#1#2->\vskip \abovecaptionskip \sbox \@tempboxa {\small #1. #2}\ifdim \wd \@tempboxa >\hsize \small #1. #2\par \else \global \@minipagefalse \hb@xt@ \hsize {\hfil \box \@tempboxa \hfil }\fi \vskip \belowcaptionskip  on input line 1139.
)

Package caption Warning: Unknown document class (or package),
(caption)                standard defaults will be used.
See the caption package documentation for explanation.

\c@caption@flags=\count300
\c@continuedfloat=\count301
Package caption Info: hyperref package is loaded.
Package caption Info: listings package is loaded.
)
\c@subfigure=\count302
\c@subtable=\count303
) (/Users/franciscomartinez/Library/Application Support/MiKTeX/texmfs/install/tex/latex/hepunits/hepunits.sty
Package: hepunits 2020/04/10 High-energy physics units by Andy Buckley (v2.0.0)
 (/Library/Application Support/MiKTeX/texmfs/install/tex/latex/base/ifthen.sty
Package: ifthen 2022/04/13 v1.1d Standard LaTeX ifthen package (DPC)
) (/Users/franciscomartinez/Library/Application Support/MiKTeX/texmfs/install/tex/latex/siunitx/siunitx.sty
Package: siunitx 2021-08-04 v3.0.24 A comprehensive (SI) units package
\l__siunitx_angle_tmp_dim=\dimen175
\l__siunitx_angle_marker_box=\box56
\l__siunitx_angle_unit_box=\box57
\l__siunitx_compound_count_int=\count304
 (/Users/franciscomartinez/Library/Application Support/MiKTeX/texmfs/install/tex/latex/translations/translations.sty
Package: translations 2021/01/17 v1.10a internationalization of LaTeX2e packages (CN)
 (/Library/Application Support/MiKTeX/texmfs/install/tex/latex/etoolbox/etoolbox.sty
Package: etoolbox 2020/10/05 v2.5k e-TeX tools for LaTeX (JAW)
\etb@tempcnta=\count305
))
\l__siunitx_number_exponent_fixed_int=\count306
\l__siunitx_number_min_decimal_int=\count307
\l__siunitx_number_min_integer_int=\count308
\l__siunitx_number_round_precision_int=\count309
\l__siunitx_number_group_minimum_int=\count310
\l__siunitx_table_tmp_box=\box58
\l__siunitx_table_tmp_dim=\dimen176
\l__siunitx_table_column_width_dim=\dimen177
\l__siunitx_table_integer_box=\box59
\l__siunitx_table_decimal_box=\box60
\l__siunitx_table_before_box=\box61
\l__siunitx_table_after_box=\box62
\l__siunitx_table_before_dim=\dimen178
\l__siunitx_table_carry_dim=\dimen179
\l__siunitx_unit_tmp_int=\count311
\l__siunitx_unit_position_int=\count312
\l__siunitx_unit_total_int=\count313


Package siunitx Warning: Detected the "physics" package:
(siunitx)                Omitting definition of \qty.

(/Library/Application Support/MiKTeX/texmfs/install/tex/latex/tools/array.sty
Package: array 2022/03/10 v2.5f Tabular extension package (FMi)
\col@sep=\dimen180
\ar@mcellbox=\box63
\extrarowheight=\dimen181
\NC@list=\toks33
\extratabsurround=\skip72
\backup@length=\skip73
\ar@cellbox=\box64
))

Package siunitx Info: Option "detect-all" has been deprecated in this release.
(siunitx)             
(siunitx)             Use "mode = match, propagate-math-font = true,
(siunitx)             reset-math-version = false, reset-text-family = false,
(siunitx)             reset-text-series = false, text-family-to-math = true,
(siunitx)             text-series-to-math = true" as a replacement.



Package siunitx Warning: Option "detect-display-math" has been removed in this
(siunitx)                release.

) (/Library/Application Support/MiKTeX/texmfs/install/tex/latex/base/fontenc.sty
Package: fontenc 2021/04/29 v2.0v Standard LaTeX package
)
Package translations Info: No language package found. I am going to use `english' as default language. on input line 53.
 (local.aux)
\openout1 = `local.aux'.

LaTeX Font Info:    Checking defaults for OML/cmm/m/it on input line 53.
LaTeX Font Info:    ... okay on input line 53.
LaTeX Font Info:    Checking defaults for OMS/cmsy/m/n on input line 53.
LaTeX Font Info:    ... okay on input line 53.
LaTeX Font Info:    Checking defaults for OT1/cmr/m/n on input line 53.
LaTeX Font Info:    ... okay on input line 53.
LaTeX Font Info:    Checking defaults for T1/cmr/m/n on input line 53.
LaTeX Font Info:    ... okay on input line 53.
LaTeX Font Info:    Checking defaults for TS1/cmr/m/n on input line 53.
LaTeX Font Info:    ... okay on input line 53.
LaTeX Font Info:    Checking defaults for OMX/cmex/m/n on input line 53.
LaTeX Font Info:    ... okay on input line 53.
LaTeX Font Info:    Checking defaults for U/cmr/m/n on input line 53.
LaTeX Font Info:    ... okay on input line 53.
LaTeX Font Info:    Checking defaults for PD1/pdf/m/n on input line 53.
LaTeX Font Info:    ... okay on input line 53.
LaTeX Font Info:    Checking defaults for PU/pdf/m/n on input line 53.
LaTeX Font Info:    ... okay on input line 53.
 (/Library/Application Support/MiKTeX/texmfs/install/tex/context/base/mkii/supp-pdf.mkii
[Loading MPS to PDF converter (version 2006.09.02).]
\scratchcounter=\count314
\scratchdimen=\dimen182
\scratchbox=\box65
\nofMPsegments=\count315
\nofMParguments=\count316
\everyMPshowfont=\toks34
\MPscratchCnt=\count317
\MPscratchDim=\dimen183
\MPnumerator=\count318
\makeMPintoPDFobject=\count319
\everyMPtoPDFconversion=\toks35
) (/Library/Application Support/MiKTeX/texmfs/install/tex/latex/epstopdf-pkg/epstopdf-base.sty
Package: epstopdf-base 2020-01-24 v2.11 Base part for package epstopdf
 (/Users/franciscomartinez/Library/Application Support/MiKTeX/texmfs/install/tex/latex/grfext/grfext.sty
Package: grfext 2019/12/03 v1.3 Manage graphics extensions (HO)
)
Package epstopdf-base Info: Redefining graphics rule for `.eps' on input line 485.
Package grfext Info: Graphics extension search list:
(grfext)             [.pdf,.png,.jpg,.mps,.jpeg,.jbig2,.jb2,.PDF,.PNG,.JPG,.JPEG,.JBIG2,.JB2,.eps]
(grfext)             \AppendGraphicsExtensions on input line 504.
 (/Library/Application Support/MiKTeX/texmfs/install/tex/latex/00miktex/epstopdf-sys.cfg
File: epstopdf-sys.cfg 2021/03/18 v2.0 Configuration of epstopdf for MiKTeX
))
Package hyperref Info: Link coloring ON on input line 53.
 (local.out) (local.out)
\@outlinefile=\write4
\openout4 = `local.out'.

\c@lstlisting=\count320
LaTeX Font Info:    Trying to load font information for T1+cmtt on input line 53.
 (/Library/Application Support/MiKTeX/texmfs/install/tex/latex/base/t1cmtt.fd
File: t1cmtt.fd 2019/12/16 v2.5j Standard LaTeX font definitions
)

LaTeX Font Warning: Font shape `T1/cmtt/m/scsl' undefined
(Font)              using `T1/cmtt/m/sc' instead on input line 53.


LaTeX Font Warning: Font shape `T1/cmtt/b/n' undefined
(Font)              using `T1/cmtt/m/n' instead on input line 53.


LaTeX Font Warning: Font shape `T1/cmtt/b/it' undefined
(Font)              using `T1/cmtt/b/n' instead on input line 53.


LaTeX Font Warning: Font shape `T1/cmtt/b/sl' undefined
(Font)              using `T1/cmtt/b/it' instead on input line 53.


LaTeX Font Warning: Font shape `T1/cmtt/b/scit' undefined
(Font)              using `T1/cmtt/b/sc' instead on input line 53.


LaTeX Font Warning: Font shape `T1/cmtt/b/sc' undefined
(Font)              using `T1/cmtt/b/n' instead on input line 53.

LaTeX Font Info:    Font shape `T1/cmtt/bx/n' in size <10.95> not available
(Font)              Font shape `T1/cmtt/m/n' tried instead on input line 53.
LaTeX Font Info:    Font shape `T1/cmtt/bx/it' in size <10.95> not available
(Font)              Font shape `T1/cmtt/m/it' tried instead on input line 53.

LaTeX Font Warning: Font shape `T1/cmtt/bx/sl' undefined
(Font)              using `T1/cmtt/bx/it' instead on input line 53.


LaTeX Font Warning: Font shape `T1/cmtt/bx/scit' undefined
(Font)              using `T1/cmtt/bx/sc' instead on input line 53.


LaTeX Font Warning: Font shape `T1/cmtt/bx/sc' undefined
(Font)              using `T1/cmtt/bx/n' instead on input line 53.


LaTeX Font Warning: Font shape `T1/cmtt/sbx/sc' undefined
(Font)              using `T1/cmtt/sb/sc' instead on input line 53.


LaTeX Font Warning: Font shape `T1/cmtt/sb/n' undefined
(Font)              using `T1/cmtt/m/n' instead on input line 53.


LaTeX Font Warning: Font shape `T1/cmtt/sb/it' undefined
(Font)              using `T1/cmtt/sb/n' instead on input line 53.


LaTeX Font Warning: Font shape `T1/cmtt/sb/sl' undefined
(Font)              using `T1/cmtt/sb/it' instead on input line 53.


LaTeX Font Warning: Font shape `T1/cmtt/sb/scit' undefined
(Font)              using `T1/cmtt/sb/sc' instead on input line 53.


LaTeX Font Warning: Font shape `T1/cmtt/sb/sc' undefined
(Font)              using `T1/cmtt/sb/n' instead on input line 53.


LaTeX Font Warning: Font shape `T1/cmtt/sbc/sc' undefined
(Font)              using `T1/cmtt/c/sc' instead on input line 53.


LaTeX Font Warning: Font shape `T1/cmtt/c/n' undefined
(Font)              using `T1/cmtt/m/n' instead on input line 53.


LaTeX Font Warning: Font shape `T1/cmtt/c/it' undefined
(Font)              using `T1/cmtt/c/n' instead on input line 53.


LaTeX Font Warning: Font shape `T1/cmtt/c/sl' undefined
(Font)              using `T1/cmtt/c/it' instead on input line 53.


LaTeX Font Warning: Font shape `T1/cmtt/c/scit' undefined
(Font)              using `T1/cmtt/c/sc' instead on input line 53.


LaTeX Font Warning: Font shape `T1/cmtt/c/sc' undefined
(Font)              using `T1/cmtt/c/n' instead on input line 53.


LaTeX Font Warning: Font shape `T1/cmtt/lc/sc' undefined
(Font)              using `T1/cmtt/l/sc' instead on input line 53.


LaTeX Font Warning: Font shape `T1/cmtt/l/n' undefined
(Font)              using `T1/cmtt/m/n' instead on input line 53.


LaTeX Font Warning: Font shape `T1/cmtt/l/it' undefined
(Font)              using `T1/cmtt/l/n' instead on input line 53.


LaTeX Font Warning: Font shape `T1/cmtt/l/sl' undefined
(Font)              using `T1/cmtt/l/it' instead on input line 53.


LaTeX Font Warning: Font shape `T1/cmtt/l/scit' undefined
(Font)              using `T1/cmtt/l/sc' instead on input line 53.


LaTeX Font Warning: Font shape `T1/cmtt/l/sc' undefined
(Font)              using `T1/cmtt/l/n' instead on input line 53.


LaTeX Font Warning: Font shape `T1/cmtt/m/ui' undefined
(Font)              using `T1/cmtt/m/n' instead on input line 53.


LaTeX Font Warning: Font shape `T1/cmtt/bx/ui' undefined
(Font)              using `T1/cmtt/bx/n' instead on input line 53.


LaTeX Font Warning: Font shape `T1/cmtt/m/In' undefined
(Font)              using `T1/cmtt/m/n' instead on input line 53.


Package chemgreek Info: Activating mapping `default' on line 53.

Package caption Info: Begin \AtBeginDocument code.
Package caption Info: End \AtBeginDocument code.

LaTeX hooks Warning: Generic hook
(hooks)              'file/after/translations-basic-dictionary-english.trsl'
(hooks)              is deprecated.
(hooks)              Use hook
(hooks)              'file/translations-basic-dictionary-english.trsl/after'
(hooks)              instead.

(/Users/franciscomartinez/Library/Application Support/MiKTeX/texmfs/install/tex/latex/translations/dicts/translations-basic-dictionary-english.trsl
File: translations-basic-dictionary-english.trsl (english translation file `translations-basic-dictionary')
)
Package translations Info: loading dictionary `translations-basic-dictionary' for `english'. on input line 53.
LaTeX Font Info:    Trying to load font information for T1+cmss on input line 54.
 (/Library/Application Support/MiKTeX/texmfs/install/tex/latex/base/t1cmss.fd
File: t1cmss.fd 2019/12/16 v2.5j Standard LaTeX font definitions
)
LaTeX Font Info:    Trying to load font information for U+msa on input line 54.
 (/Library/Application Support/MiKTeX/texmfs/install/tex/latex/amsfonts/umsa.fd
File: umsa.fd 2013/01/14 v3.01 AMS symbols A
)
LaTeX Font Info:    Trying to load font information for U+msb on input line 54.
 (/Library/Application Support/MiKTeX/texmfs/install/tex/latex/amsfonts/umsb.fd
File: umsb.fd 2013/01/14 v3.01 AMS symbols B
) [0

{/Users/franciscomartinez/Library/Application Support/MiKTeX/texmfs/data/pdftex/config/pdftex.map}] (local.toc)
\tf@toc=\write5
\openout5 = `local.toc'.


Underfull \vbox (badness 10000) has occurred while \output is active []

 [1] (local.bbl

Package natbib Warning: Empty `thebibliography' environment on input line 4.

) [2] (local.aux)

LaTeX Font Warning: Some font shapes were not available, defaults substituted.

Package rerunfilecheck Info: File `local.out' has not changed.
(rerunfilecheck)             Checksum: 164BB3517016C05F5D7531B29EC16D03;1103.
 ) 
Here is how much of TeX's memory you used:
 19626 strings out of 477343
 366948 string characters out of 2828006
 679967 words of memory out of 3000000
 40497 multiletter control sequences out of 15000+600000
 487165 words of font info for 72 fonts, out of 8000000 for 9000
 0 hyphenation exceptions out of 8191
 87i,5n,91p,405b,945s stack positions out of 10000i,1000n,20000p,200000b,80000s
{/Users/franciscomartinez/Library/Application Support/MiKTeX/texmfs/install/fonts/enc/dvips/cm-super/cm-super-t1.enc}</Library/Application Support/MiKTeX/texmfs/install/fonts/type1/public/amsfonts/cm/cmmi7.pfb></Library/Application Support/MiKTeX/texmfs/install/fonts/type1/public/amsfonts/cm/cmmi8.pfb></Users/franciscomartinez/Library/Application Support/MiKTeX/texmfs/install/fonts/type1/public/cm-super/sfbx1095.pfb></Users/franciscomartinez/Library/Application Support/MiKTeX/texmfs/install/fonts/type1/public/cm-super/sfbx1200.pfb></Users/franciscomartinez/Library/Application Support/MiKTeX/texmfs/install/fonts/type1/public/cm-super/sfcc1000.pfb></Users/franciscomartinez/Library/Application Support/MiKTeX/texmfs/install/fonts/type1/public/cm-super/sfcc1095.pfb></Users/franciscomartinez/Library/Application Support/MiKTeX/texmfs/install/fonts/type1/public/cm-super/sfrm1095.pfb></Users/franciscomartinez/Library/Application Support/MiKTeX/texmfs/install/fonts/type1/public/cm-super/sfsx1095.pfb></Users/franciscomartinez/Library/Application Support/MiKTeX/texmfs/install/fonts/type1/public/cm-super/sfsx1728.pfb></Users/franciscomartinez/Library/Application Support/MiKTeX/texmfs/install/fonts/type1/public/cm-super/sfti1000.pfb></Users/franciscomartinez/Library/Application Support/MiKTeX/texmfs/install/fonts/type1/public/cm-super/sfti1095.pfb></Users/franciscomartinez/Library/Application Support/MiKTeX/texmfs/install/fonts/type1/public/cm-super/sftt1095.pfb>
Output written on local.pdf (3 pages, 222201 bytes).
PDF statistics:
 132 PDF objects out of 1000 (max. 8388607)
 15 named destinations out of 1000 (max. 500000)
 73 words of extra memory for PDF output out of 10000 (max. 10000000)

